#
# A fatal error has been detected by the Java Runtime Environment:
#
#  EXCEPTION_ACCESS_VIOLATION (0xc0000005) at pc=0x0000000070274b9b, pid=4628, tid=4556
#
# JRE version: Java(TM) SE Runtime Environment (7.0_80-b15) (build 1.7.0_80-b15)
# Java VM: Java HotSpot(TM) 64-Bit Server VM (24.80-b11 mixed mode windows-amd64 compressed oops)
# Problematic frame:
# V  [jvm.dll+0x144b9b]
#
# Failed to write core dump. Minidumps are not enabled by default on client versions of Windows
#
# If you would like to submit a bug report, please visit:
#   http://bugreport.java.com/bugreport/crash.jsp
#

---------------  T H R E A D  ---------------

Current thread (0x000000000c219800):  JavaThread "JDWP Transport Listener: dt_socket" daemon [_thread_in_vm, id=4556, stack(0x000000000d770000,0x000000000d870000)]

siginfo: ExceptionCode=0xc0000005, reading address 0xffffffffffffffff

Registers:
RAX=0x000000000d86f201, RBX=0x000000000c219800, RCX=0x746e456873614824, RDX=0x0000000000000000
RSP=0x000000000d86f2a0, RBP=0x746e456873614824, RSI=0x000000000d86f3b8, RDI=0x0000000001bd8c50
R8 =0x000000000c219800, R9 =0x0000000000000700, R10=0x0000000000000000, R11=0x000000f100250018
R12=0x0000000000000000, R13=0x00000000023fcfb8, R14=0x0000000000000000, R15=0x0000000000000000
RIP=0x0000000070274b9b, EFLAGS=0x0000000000010206

Top of Stack: (sp=0x000000000d86f2a0)
0x000000000d86f2a0:   000000000c219800 0000000000000005
0x000000000d86f2b0:   000000000d86f368 00000000704177d9
0x000000000d86f2c0:   000000000c219800 0000000070435382
0x000000000d86f2d0:   0000000000000000 0000000065208e8d
0x000000000d86f2e0:   000000000b272328 0000000065212666
0x000000000d86f2f0:   000000000c219800 0000000000000000
0x000000000d86f300:   0000000000000000 0000000000000000
0x000000000d86f310:   746e456873614824 000000006521175d
0x000000000d86f320:   000000000d86f3b8 000000000d86f390
0x000000000d86f330:   0000000000000001 000000000b272328
0x000000000d86f340:   746e456873614824 00000000651f53b3
0x000000000d86f350:   000000000d86f480 0000000000000001
0x000000000d86f360:   0000000000000001 000000000b272328
0x000000000d86f370:   000000000000000a 0000000000000000
0x000000000d86f380:   0000000000000000 0000000000000000
0x000000000d86f390:   0000000000000001 00000000651f5571 

Instructions: (pc=0x0000000070274b9b)
0x0000000070274b7b:   48 8b 5c 24 30 48 89 47 18 48 83 c4 20 5f c3 cc
0x0000000070274b8b:   cc cc cc cc cc 40 53 48 83 ec 20 48 85 c9 74 54
0x0000000070274b9b:   48 8b 19 48 85 db 74 4c 48 b8 fe fe fe fe fe fe
0x0000000070274bab:   fe fe 48 3b d8 74 3d 80 3d 57 56 61 00 00 74 15 


Register to memory mapping:

RAX=0x000000000d86f201 is pointing into the stack for thread: 0x000000000c219800
RBX=0x000000000c219800 is a thread
RCX=0x746e456873614824 is an unknown value
RDX=0x0000000000000000 is an unknown value
RSP=0x000000000d86f2a0 is pointing into the stack for thread: 0x000000000c219800
RBP=0x746e456873614824 is an unknown value
RSI=0x000000000d86f3b8 is pointing into the stack for thread: 0x000000000c219800
RDI=0x0000000001bd8c50 is an unknown value
R8 =0x000000000c219800 is a thread
R9 =0x0000000000000700 is an unknown value
R10=0x0000000000000000 is an unknown value
R11=0x000000f100250018 is an unknown value
R12=0x0000000000000000 is an unknown value
R13=0x00000000023fcfb8 is an unknown value
R14=0x0000000000000000 is an unknown value
R15=0x0000000000000000 is an unknown value


Stack: [0x000000000d770000,0x000000000d870000],  sp=0x000000000d86f2a0,  free space=1020k
Native frames: (J=compiled Java code, j=interpreted, Vv=VM code, C=native code)
V  [jvm.dll+0x144b9b]


---------------  P R O C E S S  ---------------

Java Threads: ( => current thread )
  0x000000000c256000 JavaThread "Service Thread" daemon [_thread_blocked, id=4320, stack(0x000000000e360000,0x000000000e460000)]
  0x000000000c24c000 JavaThread "C2 CompilerThread1" daemon [_thread_blocked, id=2308, stack(0x000000000e100000,0x000000000e200000)]
  0x000000000c242000 JavaThread "C2 CompilerThread0" daemon [_thread_blocked, id=1960, stack(0x000000000dbb0000,0x000000000dcb0000)]
  0x000000000c22d800 JavaThread "JDWP Command Reader" daemon [_thread_in_native, id=5072, stack(0x000000000df80000,0x000000000e080000)]
  0x000000000c228800 JavaThread "JDWP Event Helper Thread" daemon [_thread_blocked, id=2260, stack(0x000000000dd40000,0x000000000de40000)]
=>0x000000000c219800 JavaThread "JDWP Transport Listener: dt_socket" daemon [_thread_in_vm, id=4556, stack(0x000000000d770000,0x000000000d870000)]
  0x000000000c217000 JavaThread "Attach Listener" daemon [_thread_blocked, id=1144, stack(0x000000000d570000,0x000000000d670000)]
  0x000000000c216000 JavaThread "Signal Dispatcher" daemon [_thread_blocked, id=4128, stack(0x000000000d670000,0x000000000d770000)]
  0x000000000b261000 JavaThread "Finalizer" daemon [_thread_blocked, id=536, stack(0x000000000d2f0000,0x000000000d3f0000)]
  0x0000000002467800 JavaThread "Reference Handler" daemon [_thread_blocked, id=4112, stack(0x000000000d3f0000,0x000000000d4f0000)]
  0x0000000001bde800 JavaThread "main" [_thread_blocked, id=848, stack(0x00000000026c0000,0x00000000027c0000)]

Other Threads:
  0x000000000b25d800 VMThread [stack: 0x000000000d110000,0x000000000d210000] [id=2732]
  0x000000000c261000 WatcherThread [stack: 0x000000000e4f0000,0x000000000e5f0000] [id=184]

VM state:not at safepoint (normal execution)

VM Mutex/Monitor currently owned by a thread: None

Heap
 PSYoungGen      total 38912K, used 2027K [0x00000007d5500000, 0x00000007d8000000, 0x0000000800000000)
  eden space 33792K, 6% used [0x00000007d5500000,0x00000007d56faf18,0x00000007d7600000)
  from space 5120K, 0% used [0x00000007d7b00000,0x00000007d7b00000,0x00000007d8000000)
  to   space 5120K, 0% used [0x00000007d7600000,0x00000007d7600000,0x00000007d7b00000)
 ParOldGen       total 87040K, used 0K [0x0000000780000000, 0x0000000785500000, 0x00000007d5500000)
  object space 87040K, 0% used [0x0000000780000000,0x0000000780000000,0x0000000785500000)
 PSPermGen       total 21504K, used 2791K [0x000000077ae00000, 0x000000077c300000, 0x0000000780000000)
  object space 21504K, 12% used [0x000000077ae00000,0x000000077b0b9ef0,0x000000077c300000)

Card table byte_map: [0x00000000057c0000,0x0000000005bf0000] byte_map_base: 0x0000000001be9000

Polling page: 0x0000000000740000

Code Cache  [0x00000000027c0000, 0x0000000002a30000, 0x00000000057c0000)
 total_blobs=162 nmethods=0 adapters=138 free_code_cache=48774Kb largest_free_block=49944512

Compilation events (0 events):
No events

GC Heap History (0 events):
No events

Deoptimization events (0 events):
No events

Internal exceptions (2 events):
Event: 0.022 Thread 0x0000000001bde800 Threw 0x00000007d550f690 at C:\re\jdk7u80\2329\hotspot\src\share\vm\prims\jni.cpp:3991
Event: 0.121 Thread 0x0000000001bde800 Threw 0x00000007d559a5d0 at C:\re\jdk7u80\2329\hotspot\src\share\vm\prims\jvm.cpp:1319

Events (10 events):
Event: 2530.808 Executing VM operation: GetCurrentLocation
Event: 2530.808 Executing VM operation: GetCurrentLocation done
Event: 2530.808 Executing VM operation: EnterInterpOnlyMode
Event: 2530.808 Executing VM operation: EnterInterpOnlyMode done
Event: 2530.808 Executing VM operation: ChangeSingleStep
Event: 2530.808 Executing VM operation: ChangeSingleStep done
Event: 2530.809 Executing VM operation: ChangeSingleStep
Event: 2530.809 Executing VM operation: ChangeSingleStep done
Event: 2530.811 Executing VM operation: RedefineClasses
Event: 2530.812 Executing VM operation: RedefineClasses done


Dynamic libraries:
0x000000013f120000 - 0x000000013f153000 	D:\B_Util\2.Java\JDK1.7\bin\javaw.exe
0x0000000077c60000 - 0x0000000077dff000 	C:\Windows\SYSTEM32\ntdll.dll
0x0000000077b40000 - 0x0000000077c5f000 	C:\Windows\system32\kernel32.dll
0x000007fefdc90000 - 0x000007fefdcfa000 	C:\Windows\system32\KERNELBASE.dll
0x000007fefec80000 - 0x000007fefed5b000 	C:\Windows\system32\ADVAPI32.dll
0x000007fefe730000 - 0x000007fefe7cf000 	C:\Windows\system32\msvcrt.dll
0x000007fefe3a0000 - 0x000007fefe3bf000 	C:\Windows\SYSTEM32\sechost.dll
0x000007fefe200000 - 0x000007fefe32c000 	C:\Windows\system32\RPCRT4.dll
0x0000000077a40000 - 0x0000000077b3a000 	C:\Windows\system32\USER32.dll
0x000007feffee0000 - 0x000007fefff47000 	C:\Windows\system32\GDI32.dll
0x000007fefe8e0000 - 0x000007fefe8ee000 	C:\Windows\system32\LPK.dll
0x000007fefe660000 - 0x000007fefe72b000 	C:\Windows\system32\USP10.dll
0x000007fefc450000 - 0x000007fefc644000 	C:\Windows\WinSxS\amd64_microsoft.windows.common-controls_6595b64144ccf1df_6.0.7601.18837_none_fa3b1e3d17594757\COMCTL32.dll
0x000007fefed60000 - 0x000007fefedd1000 	C:\Windows\system32\SHLWAPI.dll
0x000007fefe8b0000 - 0x000007fefe8de000 	C:\Windows\system32\IMM32.DLL
0x000007fefde10000 - 0x000007fefdf19000 	C:\Windows\system32\MSCTF.dll
0x0000000065070000 - 0x0000000065142000 	D:\B_Util\2.Java\JDK1.7\jre\bin\msvcr100.dll
0x0000000070130000 - 0x0000000070909000 	D:\B_Util\2.Java\JDK1.7\jre\bin\server\jvm.dll
0x000007fef88e0000 - 0x000007fef88e9000 	C:\Windows\system32\WSOCK32.dll
0x000007fefddc0000 - 0x000007fefde0d000 	C:\Windows\system32\WS2_32.dll
0x000007fefe330000 - 0x000007fefe338000 	C:\Windows\system32\NSI.dll
0x000007fef88f0000 - 0x000007fef892b000 	C:\Windows\system32\WINMM.dll
0x0000000077e10000 - 0x0000000077e17000 	C:\Windows\system32\PSAPI.DLL
0x0000000074a50000 - 0x0000000074a5f000 	D:\B_Util\2.Java\JDK1.7\jre\bin\verify.dll
0x0000000074a20000 - 0x0000000074a48000 	D:\B_Util\2.Java\JDK1.7\jre\bin\java.dll
0x00000000651f0000 - 0x0000000065225000 	D:\B_Util\2.Java\JDK1.7\jre\bin\jdwp.dll
0x00000000651e0000 - 0x00000000651e8000 	D:\B_Util\2.Java\JDK1.7\jre\bin\npt.dll
0x0000000074a00000 - 0x0000000074a16000 	D:\B_Util\2.Java\JDK1.7\jre\bin\zip.dll
0x00000000651d0000 - 0x00000000651d9000 	D:\B_Util\2.Java\JDK1.7\jre\bin\dt_socket.dll
0x000007fefb490000 - 0x000007fefb4a5000 	C:\Windows\system32\NLAapi.dll
0x000007fef8880000 - 0x000007fef8895000 	C:\Windows\system32\napinsp.dll
0x000007fef8860000 - 0x000007fef8879000 	C:\Windows\system32\pnrpnsp.dll
0x000007fefd120000 - 0x000007fefd175000 	C:\Windows\System32\mswsock.dll
0x000007fefcfa0000 - 0x000007fefcffb000 	C:\Windows\system32\DNSAPI.dll
0x000007fef8850000 - 0x000007fef885b000 	C:\Windows\System32\winrnr.dll
0x000007fefb380000 - 0x000007fefb3a7000 	C:\Windows\system32\IPHLPAPI.DLL
0x000007fefb370000 - 0x000007fefb37b000 	C:\Windows\system32\WINNSI.DLL
0x000007fefb230000 - 0x000007fefb283000 	C:\Windows\System32\fwpuclnt.dll
0x000007fefac30000 - 0x000007fefac38000 	C:\Windows\system32\rasadhlp.dll
0x000007fefcbb0000 - 0x000007fefcbb7000 	C:\Windows\System32\wshtcpip.dll
0x000007fef8f40000 - 0x000007fef9065000 	C:\Windows\system32\dbghelp.dll

VM Arguments:
jvm_args: -agentlib:jdwp=transport=dt_socket,suspend=y,address=localhost:50094 -Dfile.encoding=UTF-8 
java_command: d_array.Sort
Launcher Type: SUN_STANDARD

Environment Variables:
JAVA_HOME=D:\B_Util\2.Java\JDK1.7
PATH=D:\B_Util\2.Java\JDK1.7\jre\bin;D:/B_Util/2.Java/JDK1.7/bin/../jre/bin/server;D:/B_Util/2.Java/JDK1.7/bin/../jre/bin;D:/B_Util/2.Java/JDK1.7/bin/../jre/lib/amd64;C:\oraclexe\app\oracle\product\11.2.0\server\bin;;D:\B_Util\4.Oracle\appclient;C:\Program Files (x86)\Intel\iCLS Client\;C:\Program Files\Intel\iCLS Client\;C:\Windows\system32;C:\Windows;C:\Windows\System32\Wbem;C:\Windows\System32\WindowsPowerShell\v1.0\;C:\Program Files (x86)\Intel\UCRT\;C:\Program Files\Intel\UCRT\;C:\Program Files (x86)\Intel\Intel(R) Management Engine Components\DAL;C:\Program Files\Intel\Intel(R) Management Engine Components\DAL;C:\Program Files (x86)\Intel\Intel(R) Management Engine Components\IPT;C:\Program Files\Intel\Intel(R) Management Engine Components\IPT\;D:\B_Util\2.Java\JDK1.7\bin;C:\Program Files\Bandizip\;D:\B_Util\3.Eclipse\eclipse;
USERNAME=pc12
OS=Windows_NT
PROCESSOR_IDENTIFIER=Intel64 Family 6 Model 158 Stepping 9, GenuineIntel



---------------  S Y S T E M  ---------------

OS: Windows 7 , 64 bit Build 7601 Service Pack 1

CPU:total 8 (4 cores per cpu, 2 threads per core) family 6 model 158 stepping 9, cmov, cx8, fxsr, mmx, sse, sse2, sse3, ssse3, sse4.1, sse4.2, popcnt, avx, avx2, aes, erms, ht, tsc, tscinvbit

Memory: 4k page, physical 8388608k(5682456k free), swap 16775312k(12471988k free)

vm_info: Java HotSpot(TM) 64-Bit Server VM (24.80-b11) for windows-amd64 JRE (1.7.0_80-b15), built on Apr 10 2015 11:26:34 by "java_re" with unknown MS VC++:1600

time: Tue Sep 24 11:09:50 2019
elapsed time: 2530 seconds

